<?xml version="1.0" encoding="UTF-8"?>
<!-- Generated by org.testng.reporters.JUnitReportReporter -->
<testsuite skipped="1" hostname="DESKTOP-M3C52B0" name="APITest.eCommerce" tests="4" failures="0" timestamp="2021-11-30T15:20:07 IST" time="11.916" errors="0">
  <testcase name="login" time="6.843" classname="APITest.eCommerce"/>
  <system-out/>
  <testcase name="get" time="3.248" classname="APITest.eCommerce"/>
  <system-out/>
  <testcase name="delete" time="1.825" classname="APITest.eCommerce"/>
  <system-out/>
  <testcase name="sign_up" classname="APITest.eCommerce">
    <skipped/>
  </testcase> <!-- sign_up -->
  <system-out/>
</testsuite> <!-- APITest.eCommerce -->
