<?xml version="1.0" encoding="UTF-8"?>
<!-- Generated by org.testng.reporters.JUnitReportReporter -->
<testsuite skipped="0" hostname="DESKTOP-M3C52B0" name="APITest.Demo2_TestNG" tests="1" failures="0" timestamp="2021-11-25T15:11:43 IST" time="0.011" errors="0">
  <testcase name="testcase3" time="0.011" classname="APITest.Demo2_TestNG"/>
  <system-out/>
</testsuite> <!-- APITest.Demo2_TestNG -->
