<?xml version="1.0" encoding="UTF-8"?>
<!-- Generated by org.testng.reporters.JUnitReportReporter -->
<testsuite skipped="0" hostname="DESKTOP-M3C52B0" name="APITest.Demo_TestNG" tests="3" failures="0" timestamp="2021-12-01T11:47:37 IST" time="6.008" errors="0">
  <testcase name="creatboard" time="4.502" classname="APITest.Demo_TestNG"/>
  <system-out/>
  <testcase name="getboard" time="0.545" classname="APITest.Demo_TestNG"/>
  <system-out/>
  <testcase name="deleteboard" time="0.961" classname="APITest.Demo_TestNG"/>
  <system-out/>
</testsuite> <!-- APITest.Demo_TestNG -->
