<?xml version="1.0" encoding="UTF-8"?>
<!-- Generated by org.testng.reporters.JUnitReportReporter -->
<testsuite skipped="1" hostname="DESKTOP-M3C52B0" name="APITest.eCommerce" tests="4" failures="0" timestamp="2021-12-01T11:47:37 IST" time="9.265" errors="0">
  <testcase name="login" time="4.106" classname="APITest.eCommerce"/>
  <system-out/>
  <testcase name="get" time="3.246" classname="APITest.eCommerce"/>
  <system-out/>
  <testcase name="delete" time="1.913" classname="APITest.eCommerce"/>
  <system-out/>
  <testcase name="sign_up" classname="APITest.eCommerce">
    <skipped/>
  </testcase> <!-- sign_up -->
  <system-out/>
</testsuite> <!-- APITest.eCommerce -->
